2020-04-08 16:46:51.509 [main] INFO  org.springframework.web.context.ContextLoader - Root WebApplicationContext: initialization completed in 3889 ms
2020-04-08 17:52:14.257 [main] INFO  com.zy.tow.TowApplication - Starting TowApplication on DESKTOP-FTPQM8L with PID 7548 (F:\mySpringBoot\tow\target\classes started by corleone in F:\mySpringBoot\tow)
2020-04-08 17:52:14.262 [main] INFO  com.zy.tow.TowApplication - No active profile set, falling back to default profiles: default
2020-04-08 17:52:15.379 [main] INFO  org.springframework.data.repository.config.RepositoryConfigurationDelegate - Multiple Spring Data modules found, entering strict repository configuration mode!
2020-04-08 17:52:15.380 [main] INFO  org.springframework.data.repository.config.RepositoryConfigurationDelegate - Bootstrapping Spring Data JPA repositories in DEFAULT mode.
2020-04-08 17:52:15.415 [main] INFO  org.springframework.data.repository.config.RepositoryConfigurationDelegate - Finished Spring Data repository scanning in 17ms. Found 0 JPA repository interfaces.
2020-04-08 17:52:15.429 [main] INFO  org.springframework.data.repository.config.RepositoryConfigurationDelegate - Multiple Spring Data modules found, entering strict repository configuration mode!
2020-04-08 17:52:15.430 [main] INFO  org.springframework.data.repository.config.RepositoryConfigurationDelegate - Bootstrapping Spring Data Redis repositories in DEFAULT mode.
2020-04-08 17:52:15.444 [main] INFO  org.springframework.data.repository.config.RepositoryConfigurationDelegate - Finished Spring Data repository scanning in 6ms. Found 0 Redis repository interfaces.
2020-04-08 17:52:16.053 [main] INFO  org.springframework.boot.web.embedded.tomcat.TomcatWebServer - Tomcat initialized with port(s): 8088 (http)
2020-04-08 17:52:16.078 [main] INFO  org.apache.catalina.core.StandardService - Starting service [Tomcat]
2020-04-08 17:52:16.079 [main] INFO  org.apache.catalina.core.StandardEngine - Starting Servlet engine: [Apache Tomcat/9.0.33]
2020-04-08 17:52:16.297 [main] INFO  org.apache.jasper.servlet.TldScanner - At least one JAR was scanned for TLDs yet contained no TLDs. Enable debug logging for this logger for a complete list of JARs that were scanned but no TLDs were found in them. Skipping unneeded JARs during scanning can improve startup time and JSP compilation time.
2020-04-08 17:52:16.300 [main] INFO  org.apache.catalina.core.ContainerBase.[Tomcat].[localhost].[/] - Initializing Spring embedded WebApplicationContext
2020-04-08 17:52:16.301 [main] INFO  org.springframework.web.context.ContextLoader - Root WebApplicationContext: initialization completed in 1959 ms
2020-04-08 17:52:16.639 [main] INFO  com.alibaba.druid.pool.DruidDataSource - {dataSource-1} inited
2020-04-08 17:52:16.746 [main] INFO  org.hibernate.jpa.internal.util.LogHelper - HHH000204: Processing PersistenceUnitInfo [name: default]
2020-04-08 17:52:16.794 [main] INFO  org.hibernate.Version - HHH000412: Hibernate ORM core version 5.4.12.Final
2020-04-08 17:52:16.891 [main] INFO  org.hibernate.annotations.common.Version - HCANN000001: Hibernate Commons Annotations {5.1.0.Final}
2020-04-08 17:52:16.976 [main] INFO  org.hibernate.dialect.Dialect - HHH000400: Using dialect: org.hibernate.dialect.MySQL57Dialect
2020-04-08 17:52:17.104 [main] INFO  org.hibernate.engine.transaction.jta.platform.internal.JtaPlatformInitiator - HHH000490: Using JtaPlatform implementation: [org.hibernate.engine.transaction.jta.platform.internal.NoJtaPlatform]
2020-04-08 17:52:17.111 [main] INFO  org.springframework.orm.jpa.LocalContainerEntityManagerFactoryBean - Initialized JPA EntityManagerFactory for persistence unit 'default'
2020-04-08 17:52:17.731 [main] INFO  org.springframework.scheduling.concurrent.ThreadPoolTaskExecutor - Initializing ExecutorService 'taskExecutor'
2020-04-08 17:52:17.752 [main] INFO  springfox.documentation.spring.web.PropertySourcedRequestMappingHandlerMapping - Mapped URL path [/v2/api-docs] onto method [springfox.documentation.swagger2.web.Swagger2Controller#getDocumentation(String, HttpServletRequest)]
2020-04-08 17:52:17.886 [main] INFO  org.springframework.boot.autoconfigure.web.servlet.WelcomePageHandlerMapping - Adding welcome page template: index
2020-04-08 17:52:18.115 [main] INFO  springfox.documentation.spring.web.plugins.DocumentationPluginsBootstrapper - Context refreshed
2020-04-08 17:52:18.137 [main] INFO  springfox.documentation.spring.web.plugins.DocumentationPluginsBootstrapper - Found 1 custom documentation plugin(s)
2020-04-08 17:52:18.205 [main] INFO  springfox.documentation.spring.web.scanners.ApiListingReferenceScanner - Scanning for api listing references
2020-04-08 17:52:18.409 [main] INFO  org.springframework.boot.web.embedded.tomcat.TomcatWebServer - Tomcat started on port(s): 8088 (http) with context path ''
2020-04-08 17:52:18.413 [main] INFO  com.zy.tow.TowApplication - Started TowApplication in 5.318 seconds (JVM running for 6.167)
2020-04-08 17:55:28.861 [main] INFO  com.zy.tow.TowApplication - Starting TowApplication on DESKTOP-FTPQM8L with PID 4368 (F:\mySpringBoot\tow\target\classes started by corleone in F:\mySpringBoot\tow)
2020-04-08 17:55:28.865 [main] INFO  com.zy.tow.TowApplication - No active profile set, falling back to default profiles: default
2020-04-08 17:55:29.905 [main] INFO  org.springframework.data.repository.config.RepositoryConfigurationDelegate - Multiple Spring Data modules found, entering strict repository configuration mode!
2020-04-08 17:55:29.906 [main] INFO  org.springframework.data.repository.config.RepositoryConfigurationDelegate - Bootstrapping Spring Data JPA repositories in DEFAULT mode.
2020-04-08 17:55:29.928 [main] INFO  org.springframework.data.repository.config.RepositoryConfigurationDelegate - Finished Spring Data repository scanning in 14ms. Found 0 JPA repository interfaces.
2020-04-08 17:55:29.941 [main] INFO  org.springframework.data.repository.config.RepositoryConfigurationDelegate - Multiple Spring Data modules found, entering strict repository configuration mode!
2020-04-08 17:55:29.942 [main] INFO  org.springframework.data.repository.config.RepositoryConfigurationDelegate - Bootstrapping Spring Data Redis repositories in DEFAULT mode.
2020-04-08 17:55:29.959 [main] INFO  org.springframework.data.repository.config.RepositoryConfigurationDelegate - Finished Spring Data repository scanning in 5ms. Found 0 Redis repository interfaces.
2020-04-08 17:55:30.614 [main] INFO  org.springframework.boot.web.embedded.tomcat.TomcatWebServer - Tomcat initialized with port(s): 8088 (http)
2020-04-08 17:55:30.624 [main] INFO  org.apache.catalina.core.StandardService - Starting service [Tomcat]
2020-04-08 17:55:30.625 [main] INFO  org.apache.catalina.core.StandardEngine - Starting Servlet engine: [Apache Tomcat/9.0.33]
2020-04-08 17:55:30.832 [main] INFO  org.apache.jasper.servlet.TldScanner - At least one JAR was scanned for TLDs yet contained no TLDs. Enable debug logging for this logger for a complete list of JARs that were scanned but no TLDs were found in them. Skipping unneeded JARs during scanning can improve startup time and JSP compilation time.
2020-04-08 17:55:30.835 [main] INFO  org.apache.catalina.core.ContainerBase.[Tomcat].[localhost].[/] - Initializing Spring embedded WebApplicationContext
2020-04-08 17:55:30.835 [main] INFO  org.springframework.web.context.ContextLoader - Root WebApplicationContext: initialization completed in 1919 ms
2020-04-08 17:55:31.184 [main] INFO  com.alibaba.druid.pool.DruidDataSource - {dataSource-1} inited
2020-04-08 17:55:31.291 [main] INFO  org.hibernate.jpa.internal.util.LogHelper - HHH000204: Processing PersistenceUnitInfo [name: default]
2020-04-08 17:55:31.340 [main] INFO  org.hibernate.Version - HHH000412: Hibernate ORM core version 5.4.12.Final
2020-04-08 17:55:31.434 [main] INFO  org.hibernate.annotations.common.Version - HCANN000001: Hibernate Commons Annotations {5.1.0.Final}
2020-04-08 17:55:31.519 [main] INFO  org.hibernate.dialect.Dialect - HHH000400: Using dialect: org.hibernate.dialect.MySQL57Dialect
2020-04-08 17:55:31.647 [main] INFO  org.hibernate.engine.transaction.jta.platform.internal.JtaPlatformInitiator - HHH000490: Using JtaPlatform implementation: [org.hibernate.engine.transaction.jta.platform.internal.NoJtaPlatform]
2020-04-08 17:55:31.653 [main] INFO  org.springframework.orm.jpa.LocalContainerEntityManagerFactoryBean - Initialized JPA EntityManagerFactory for persistence unit 'default'
2020-04-08 17:55:32.262 [main] INFO  org.springframework.scheduling.concurrent.ThreadPoolTaskExecutor - Initializing ExecutorService 'taskExecutor'
2020-04-08 17:55:32.282 [main] INFO  springfox.documentation.spring.web.PropertySourcedRequestMappingHandlerMapping - Mapped URL path [/v2/api-docs] onto method [springfox.documentation.swagger2.web.Swagger2Controller#getDocumentation(String, HttpServletRequest)]
2020-04-08 17:55:32.410 [main] INFO  org.springframework.boot.autoconfigure.web.servlet.WelcomePageHandlerMapping - Adding welcome page template: index
2020-04-08 17:55:32.622 [main] INFO  springfox.documentation.spring.web.plugins.DocumentationPluginsBootstrapper - Context refreshed
2020-04-08 17:55:32.638 [main] INFO  springfox.documentation.spring.web.plugins.DocumentationPluginsBootstrapper - Found 1 custom documentation plugin(s)
2020-04-08 17:55:32.675 [main] INFO  springfox.documentation.spring.web.scanners.ApiListingReferenceScanner - Scanning for api listing references
2020-04-08 17:55:32.851 [main] INFO  org.springframework.boot.web.embedded.tomcat.TomcatWebServer - Tomcat started on port(s): 8088 (http) with context path ''
2020-04-08 17:55:32.855 [main] INFO  com.zy.tow.TowApplication - Started TowApplication in 5.079 seconds (JVM running for 5.911)
2020-04-08 17:56:14.929 [http-nio-8088-exec-1] INFO  org.apache.catalina.core.ContainerBase.[Tomcat].[localhost].[/] - Initializing Spring DispatcherServlet 'dispatcherServlet'
2020-04-08 17:56:14.929 [http-nio-8088-exec-1] INFO  org.springframework.web.servlet.DispatcherServlet - Initializing Servlet 'dispatcherServlet'
2020-04-08 17:56:14.942 [http-nio-8088-exec-1] INFO  org.springframework.web.servlet.DispatcherServlet - Completed initialization in 12 ms
2020-04-08 17:56:38.787 [http-nio-8088-exec-3] INFO  com.zy.tow.Controller.HelloController - hello,小宝贝
2020-04-08 17:56:38.788 [http-nio-8088-exec-3] INFO  com.zy.tow.Controller.HelloController - info
2020-04-08 17:58:04.969 [http-nio-8088-exec-4] INFO  com.zy.tow.Controller.HelloController - hello,小宝贝
2020-04-08 17:58:04.969 [http-nio-8088-exec-4] INFO  com.zy.tow.Controller.HelloController - info
2020-04-08 17:58:22.570 [main] INFO  com.zy.tow.TowApplication - Starting TowApplication on DESKTOP-FTPQM8L with PID 13236 (F:\mySpringBoot\tow\target\classes started by corleone in F:\mySpringBoot\tow)
2020-04-08 17:58:22.574 [main] INFO  com.zy.tow.TowApplication - No active profile set, falling back to default profiles: default
2020-04-08 17:58:23.591 [main] INFO  org.springframework.data.repository.config.RepositoryConfigurationDelegate - Multiple Spring Data modules found, entering strict repository configuration mode!
2020-04-08 17:58:23.592 [main] INFO  org.springframework.data.repository.config.RepositoryConfigurationDelegate - Bootstrapping Spring Data JPA repositories in DEFAULT mode.
2020-04-08 17:58:23.615 [main] INFO  org.springframework.data.repository.config.RepositoryConfigurationDelegate - Finished Spring Data repository scanning in 14ms. Found 0 JPA repository interfaces.
2020-04-08 17:58:23.628 [main] INFO  org.springframework.data.repository.config.RepositoryConfigurationDelegate - Multiple Spring Data modules found, entering strict repository configuration mode!
2020-04-08 17:58:23.629 [main] INFO  org.springframework.data.repository.config.RepositoryConfigurationDelegate - Bootstrapping Spring Data Redis repositories in DEFAULT mode.
2020-04-08 17:58:23.642 [main] INFO  org.springframework.data.repository.config.RepositoryConfigurationDelegate - Finished Spring Data repository scanning in 4ms. Found 0 Redis repository interfaces.
2020-04-08 17:58:24.236 [main] INFO  org.springframework.boot.web.embedded.tomcat.TomcatWebServer - Tomcat initialized with port(s): 8088 (http)
2020-04-08 17:58:24.244 [main] INFO  org.apache.catalina.core.StandardService - Starting service [Tomcat]
2020-04-08 17:58:24.244 [main] INFO  org.apache.catalina.core.StandardEngine - Starting Servlet engine: [Apache Tomcat/9.0.33]
2020-04-08 17:58:24.485 [main] INFO  org.apache.jasper.servlet.TldScanner - At least one JAR was scanned for TLDs yet contained no TLDs. Enable debug logging for this logger for a complete list of JARs that were scanned but no TLDs were found in them. Skipping unneeded JARs during scanning can improve startup time and JSP compilation time.
2020-04-08 17:58:24.488 [main] INFO  org.apache.catalina.core.ContainerBase.[Tomcat].[localhost].[/] - Initializing Spring embedded WebApplicationContext
2020-04-08 17:58:24.489 [main] INFO  org.springframework.web.context.ContextLoader - Root WebApplicationContext: initialization completed in 1859 ms
2020-04-08 17:58:24.881 [main] INFO  com.alibaba.druid.pool.DruidDataSource - {dataSource-1} inited
2020-04-08 17:58:24.996 [main] INFO  org.hibernate.jpa.internal.util.LogHelper - HHH000204: Processing PersistenceUnitInfo [name: default]
2020-04-08 17:58:25.051 [main] INFO  org.hibernate.Version - HHH000412: Hibernate ORM core version 5.4.12.Final
2020-04-08 17:58:25.151 [main] INFO  org.hibernate.annotations.common.Version - HCANN000001: Hibernate Commons Annotations {5.1.0.Final}
2020-04-08 17:58:25.230 [main] INFO  org.hibernate.dialect.Dialect - HHH000400: Using dialect: org.hibernate.dialect.MySQL57Dialect
2020-04-08 17:58:25.366 [main] INFO  org.hibernate.engine.transaction.jta.platform.internal.JtaPlatformInitiator - HHH000490: Using JtaPlatform implementation: [org.hibernate.engine.transaction.jta.platform.internal.NoJtaPlatform]
2020-04-08 17:58:25.372 [main] INFO  org.springframework.orm.jpa.LocalContainerEntityManagerFactoryBean - Initialized JPA EntityManagerFactory for persistence unit 'default'
2020-04-08 17:58:26.048 [main] INFO  org.springframework.scheduling.concurrent.ThreadPoolTaskExecutor - Initializing ExecutorService 'taskExecutor'
2020-04-08 17:58:26.067 [main] INFO  springfox.documentation.spring.web.PropertySourcedRequestMappingHandlerMapping - Mapped URL path [/v2/api-docs] onto method [springfox.documentation.swagger2.web.Swagger2Controller#getDocumentation(String, HttpServletRequest)]
2020-04-08 17:58:26.192 [main] INFO  org.springframework.boot.autoconfigure.web.servlet.WelcomePageHandlerMapping - Adding welcome page template: index
2020-04-08 17:58:26.411 [main] INFO  springfox.documentation.spring.web.plugins.DocumentationPluginsBootstrapper - Context refreshed
2020-04-08 17:58:26.423 [main] INFO  springfox.documentation.spring.web.plugins.DocumentationPluginsBootstrapper - Found 1 custom documentation plugin(s)
2020-04-08 17:58:26.456 [main] INFO  springfox.documentation.spring.web.scanners.ApiListingReferenceScanner - Scanning for api listing references
2020-04-08 17:58:26.661 [main] INFO  org.springframework.boot.web.embedded.tomcat.TomcatWebServer - Tomcat started on port(s): 8088 (http) with context path ''
2020-04-08 17:58:26.663 [main] INFO  com.zy.tow.TowApplication - Started TowApplication in 5.255 seconds (JVM running for 6.231)
2020-04-08 17:58:33.233 [http-nio-8088-exec-3] INFO  org.apache.catalina.core.ContainerBase.[Tomcat].[localhost].[/] - Initializing Spring DispatcherServlet 'dispatcherServlet'
2020-04-08 17:58:33.233 [http-nio-8088-exec-3] INFO  org.springframework.web.servlet.DispatcherServlet - Initializing Servlet 'dispatcherServlet'
2020-04-08 17:58:33.247 [http-nio-8088-exec-3] INFO  org.springframework.web.servlet.DispatcherServlet - Completed initialization in 13 ms
2020-04-08 17:58:33.370 [http-nio-8088-exec-3] INFO  com.zy.tow.Controller.HelloController - hello,小宝贝
