2020-04-01 16:42:06.490 [main] INFO  com.zy.tow.TowApplication - Starting TowApplication on DESKTOP-FTPQM8L with PID 11152 (F:\mySpringBoot\tow\target\classes started by corleone in F:\mySpringBoot\tow)
2020-04-01 16:42:06.494 [main] INFO  com.zy.tow.TowApplication - No active profile set, falling back to default profiles: default
2020-04-01 16:42:07.656 [main] INFO  org.springframework.data.repository.config.RepositoryConfigurationDelegate - Bootstrapping Spring Data JPA repositories in DEFAULT mode.
2020-04-01 16:42:07.705 [main] INFO  org.springframework.data.repository.config.RepositoryConfigurationDelegate - Finished Spring Data repository scanning in 8ms. Found 0 JPA repository interfaces.
2020-04-01 16:42:08.649 [main] INFO  org.springframework.boot.web.embedded.tomcat.TomcatWebServer - Tomcat initialized with port(s): 8080 (http)
2020-04-01 16:42:08.659 [main] INFO  org.apache.catalina.core.StandardService - Starting service [Tomcat]
2020-04-01 16:42:08.660 [main] INFO  org.apache.catalina.core.StandardEngine - Starting Servlet engine: [Apache Tomcat/9.0.33]
2020-04-01 16:42:08.807 [main] INFO  org.apache.catalina.core.ContainerBase.[Tomcat].[localhost].[/] - Initializing Spring embedded WebApplicationContext
2020-04-01 16:42:08.807 [main] INFO  org.springframework.web.context.ContextLoader - Root WebApplicationContext: initialization completed in 2166 ms
2020-04-01 16:42:08.869 [main] INFO  com.alibaba.druid.spring.boot.autoconfigure.DruidDataSourceAutoConfigure - Init DruidDataSource
2020-04-01 16:42:09.053 [main] INFO  com.alibaba.druid.pool.DruidDataSource - {dataSource-1} inited
2020-04-01 16:42:09.545 [main] INFO  org.hibernate.Version - HHH000412: Hibernate ORM core version 5.4.12.Final
2020-04-01 16:42:09.781 [main] INFO  org.hibernate.annotations.common.Version - HCANN000001: Hibernate Commons Annotations {5.1.0.Final}
2020-04-01 16:42:09.932 [main] INFO  org.hibernate.dialect.Dialect - HHH000400: Using dialect: org.hibernate.dialect.MySQL57Dialect
2020-04-01 16:42:10.182 [main] INFO  org.hibernate.engine.transaction.jta.platform.internal.JtaPlatformInitiator - HHH000490: Using JtaPlatform implementation: [org.hibernate.engine.transaction.jta.platform.internal.NoJtaPlatform]
2020-04-01 16:42:10.193 [main] INFO  org.springframework.orm.jpa.LocalContainerEntityManagerFactoryBean - Initialized JPA EntityManagerFactory for persistence unit 'default'
2020-04-01 16:42:10.429 [main] INFO  org.springframework.scheduling.concurrent.ThreadPoolTaskExecutor - Initializing ExecutorService 'applicationTaskExecutor'
2020-04-01 16:42:10.801 [main] INFO  org.springframework.boot.web.embedded.tomcat.TomcatWebServer - Tomcat started on port(s): 8080 (http) with context path ''
2020-04-01 16:42:10.805 [main] INFO  com.zy.tow.TowApplication - Started TowApplication in 5.555 seconds (JVM running for 6.419)
2020-04-01 16:43:27.457 [http-nio-8080-exec-1] INFO  org.apache.catalina.core.ContainerBase.[Tomcat].[localhost].[/] - Initializing Spring DispatcherServlet 'dispatcherServlet'
2020-04-01 16:43:27.457 [http-nio-8080-exec-1] INFO  org.springframework.web.servlet.DispatcherServlet - Initializing Servlet 'dispatcherServlet'
2020-04-01 16:43:27.465 [http-nio-8080-exec-1] INFO  org.springframework.web.servlet.DispatcherServlet - Completed initialization in 7 ms
2020-04-01 16:43:27.526 [http-nio-8080-exec-1] INFO  com.zy.tow.Controller.HelloController - hello,小宝贝
2020-04-01 16:49:20.475 [main] INFO  com.zy.tow.TowApplication - Starting TowApplication on DESKTOP-FTPQM8L with PID 18464 (F:\mySpringBoot\tow\target\classes started by corleone in F:\mySpringBoot\tow)
2020-04-01 16:49:20.476 [main] INFO  com.zy.tow.TowApplication - No active profile set, falling back to default profiles: default
2020-04-01 16:49:21.381 [main] INFO  org.springframework.data.repository.config.RepositoryConfigurationDelegate - Bootstrapping Spring Data JPA repositories in DEFAULT mode.
2020-04-01 16:49:21.403 [main] INFO  org.springframework.data.repository.config.RepositoryConfigurationDelegate - Finished Spring Data repository scanning in 4ms. Found 0 JPA repository interfaces.
2020-04-01 16:49:22.039 [main] INFO  org.springframework.boot.web.embedded.tomcat.TomcatWebServer - Tomcat initialized with port(s): 8080 (http)
2020-04-01 16:49:22.053 [main] INFO  org.apache.catalina.core.StandardService - Starting service [Tomcat]
2020-04-01 16:49:22.053 [main] INFO  org.apache.catalina.core.StandardEngine - Starting Servlet engine: [Apache Tomcat/9.0.33]
2020-04-01 16:49:22.216 [main] INFO  org.apache.catalina.core.ContainerBase.[Tomcat].[localhost].[/] - Initializing Spring embedded WebApplicationContext
2020-04-01 16:49:22.217 [main] INFO  org.springframework.web.context.ContextLoader - Root WebApplicationContext: initialization completed in 1663 ms
2020-04-01 16:49:22.292 [main] INFO  com.alibaba.druid.spring.boot.autoconfigure.DruidDataSourceAutoConfigure - Init DruidDataSource
2020-04-01 16:49:22.505 [main] INFO  com.alibaba.druid.pool.DruidDataSource - {dataSource-1} inited
2020-04-01 16:49:22.825 [main] INFO  org.hibernate.Version - HHH000412: Hibernate ORM core version 5.4.12.Final
2020-04-01 16:49:22.913 [main] INFO  org.hibernate.annotations.common.Version - HCANN000001: Hibernate Commons Annotations {5.1.0.Final}
2020-04-01 16:49:23.053 [main] INFO  org.hibernate.dialect.Dialect - HHH000400: Using dialect: org.hibernate.dialect.MySQL57Dialect
2020-04-01 16:49:23.194 [main] INFO  org.hibernate.engine.transaction.jta.platform.internal.JtaPlatformInitiator - HHH000490: Using JtaPlatform implementation: [org.hibernate.engine.transaction.jta.platform.internal.NoJtaPlatform]
2020-04-01 16:49:23.201 [main] INFO  org.springframework.orm.jpa.LocalContainerEntityManagerFactoryBean - Initialized JPA EntityManagerFactory for persistence unit 'default'
2020-04-01 16:49:23.386 [main] INFO  org.springframework.scheduling.concurrent.ThreadPoolTaskExecutor - Initializing ExecutorService 'applicationTaskExecutor'
2020-04-01 16:49:23.670 [main] INFO  org.springframework.boot.web.embedded.tomcat.TomcatWebServer - Tomcat started on port(s): 8080 (http) with context path ''
2020-04-01 16:49:23.672 [main] INFO  com.zy.tow.TowApplication - Started TowApplication in 4.189 seconds (JVM running for 4.988)
