15:05:27.355 logback [main] INFO  com.zy.tow.TowApplication - Starting TowApplication on DESKTOP-FTPQM8L with PID 2296 (F:\mySpringBoot\tow\target\classes started by corleone in F:\mySpringBoot\tow)
15:05:27.358 logback [main] INFO  com.zy.tow.TowApplication - No active profile set, falling back to default profiles: default
15:05:28.323 logback [main] INFO  o.s.d.r.c.RepositoryConfigurationDelegate - Bootstrapping Spring Data JPA repositories in DEFAULT mode.
15:05:28.351 logback [main] INFO  o.s.d.r.c.RepositoryConfigurationDelegate - Finished Spring Data repository scanning in 16ms. Found 0 JPA repository interfaces.
15:05:28.785 logback [main] INFO  o.s.b.w.e.tomcat.TomcatWebServer - Tomcat initialized with port(s): 8080 (http)
15:05:28.793 logback [main] INFO  o.a.coyote.http11.Http11NioProtocol - Initializing ProtocolHandler ["http-nio-8080"]
15:05:28.793 logback [main] INFO  o.a.catalina.core.StandardService - Starting service [Tomcat]
15:05:28.793 logback [main] INFO  o.a.catalina.core.StandardEngine - Starting Servlet engine: [Apache Tomcat/9.0.33]
15:05:28.966 logback [main] INFO  o.a.c.c.C.[Tomcat].[localhost].[/] - Initializing Spring embedded WebApplicationContext
15:05:28.967 logback [main] INFO  o.s.web.context.ContextLoader - Root WebApplicationContext: initialization completed in 1507 ms
15:05:29.017 logback [main] INFO  c.a.d.s.b.a.DruidDataSourceAutoConfigure - Init DruidDataSource
15:05:29.124 logback [main] INFO  c.alibaba.druid.pool.DruidDataSource - {dataSource-1} inited
15:05:29.257 logback [main] INFO  o.h.jpa.internal.util.LogHelper - HHH000204: Processing PersistenceUnitInfo [name: default]
15:05:29.308 logback [main] INFO  org.hibernate.Version - HHH000412: Hibernate ORM core version 5.4.12.Final
15:05:29.396 logback [main] INFO  o.h.annotations.common.Version - HCANN000001: Hibernate Commons Annotations {5.1.0.Final}
15:05:29.480 logback [main] INFO  org.hibernate.dialect.Dialect - HHH000400: Using dialect: org.hibernate.dialect.MySQL57Dialect
15:05:29.711 logback [main] INFO  o.h.e.t.j.p.i.JtaPlatformInitiator - HHH000490: Using JtaPlatform implementation: [org.hibernate.engine.transaction.jta.platform.internal.NoJtaPlatform]
15:05:29.717 logback [main] INFO  o.s.o.j.LocalContainerEntityManagerFactoryBean - Initialized JPA EntityManagerFactory for persistence unit 'default'
15:05:29.755 logback [main] WARN  o.s.b.a.o.j.JpaBaseConfiguration$JpaWebConfiguration - spring.jpa.open-in-view is enabled by default. Therefore, database queries may be performed during view rendering. Explicitly configure spring.jpa.open-in-view to disable this warning
15:05:29.848 logback [main] INFO  o.s.s.c.ThreadPoolTaskExecutor - Initializing ExecutorService 'applicationTaskExecutor'
15:05:29.957 logback [main] WARN  o.s.b.a.t.ThymeleafAutoConfiguration$DefaultTemplateResolverConfiguration - Cannot find template location: classpath:/templates/ (please add some templates or check your Thymeleaf configuration)
15:05:30.042 logback [main] INFO  o.a.coyote.http11.Http11NioProtocol - Starting ProtocolHandler ["http-nio-8080"]
15:05:30.061 logback [main] INFO  o.s.b.w.e.tomcat.TomcatWebServer - Tomcat started on port(s): 8080 (http) with context path ''
15:05:30.063 logback [main] INFO  com.zy.tow.TowApplication - Started TowApplication in 3.431 seconds (JVM running for 4.221)
16:39:13.722 logback [main] INFO  com.zy.tow.TowApplication - Starting TowApplication on DESKTOP-FTPQM8L with PID 11664 (F:\mySpringBoot\tow\target\classes started by corleone in F:\mySpringBoot\tow)
16:39:13.725 logback [main] INFO  com.zy.tow.TowApplication - No active profile set, falling back to default profiles: default
16:39:14.696 logback [main] INFO  o.s.d.r.c.RepositoryConfigurationDelegate - Bootstrapping Spring Data JPA repositories in DEFAULT mode.
16:39:14.713 logback [main] INFO  o.s.d.r.c.RepositoryConfigurationDelegate - Finished Spring Data repository scanning in 11ms. Found 0 JPA repository interfaces.
16:39:15.229 logback [main] INFO  o.s.b.w.e.tomcat.TomcatWebServer - Tomcat initialized with port(s): 8080 (http)
16:39:15.236 logback [main] INFO  o.a.coyote.http11.Http11NioProtocol - Initializing ProtocolHandler ["http-nio-8080"]
16:39:15.237 logback [main] INFO  o.a.catalina.core.StandardService - Starting service [Tomcat]
16:39:15.237 logback [main] INFO  o.a.catalina.core.StandardEngine - Starting Servlet engine: [Apache Tomcat/9.0.33]
16:39:15.332 logback [main] INFO  o.a.c.c.C.[Tomcat].[localhost].[/] - Initializing Spring embedded WebApplicationContext
16:39:15.332 logback [main] INFO  o.s.web.context.ContextLoader - Root WebApplicationContext: initialization completed in 1534 ms
16:39:15.377 logback [main] INFO  c.a.d.s.b.a.DruidDataSourceAutoConfigure - Init DruidDataSource
16:39:15.528 logback [main] INFO  c.alibaba.druid.pool.DruidDataSource - {dataSource-1} inited
16:39:15.656 logback [main] INFO  o.h.jpa.internal.util.LogHelper - HHH000204: Processing PersistenceUnitInfo [name: default]
16:39:15.707 logback [main] INFO  org.hibernate.Version - HHH000412: Hibernate ORM core version 5.4.12.Final
16:39:15.897 logback [main] INFO  o.h.annotations.common.Version - HCANN000001: Hibernate Commons Annotations {5.1.0.Final}
16:39:15.985 logback [main] INFO  org.hibernate.dialect.Dialect - HHH000400: Using dialect: org.hibernate.dialect.MySQL57Dialect
16:39:16.118 logback [main] INFO  o.h.e.t.j.p.i.JtaPlatformInitiator - HHH000490: Using JtaPlatform implementation: [org.hibernate.engine.transaction.jta.platform.internal.NoJtaPlatform]
16:39:16.126 logback [main] INFO  o.s.o.j.LocalContainerEntityManagerFactoryBean - Initialized JPA EntityManagerFactory for persistence unit 'default'
16:39:16.165 logback [main] WARN  o.s.b.a.o.j.JpaBaseConfiguration$JpaWebConfiguration - spring.jpa.open-in-view is enabled by default. Therefore, database queries may be performed during view rendering. Explicitly configure spring.jpa.open-in-view to disable this warning
16:39:16.262 logback [main] INFO  o.s.s.c.ThreadPoolTaskExecutor - Initializing ExecutorService 'applicationTaskExecutor'
16:39:16.398 logback [main] WARN  o.s.b.a.t.ThymeleafAutoConfiguration$DefaultTemplateResolverConfiguration - Cannot find template location: classpath:/templates/ (please add some templates or check your Thymeleaf configuration)
16:39:16.497 logback [main] INFO  o.a.coyote.http11.Http11NioProtocol - Starting ProtocolHandler ["http-nio-8080"]
16:39:16.517 logback [main] INFO  o.s.b.w.e.tomcat.TomcatWebServer - Tomcat started on port(s): 8080 (http) with context path ''
16:39:16.519 logback [main] INFO  com.zy.tow.TowApplication - Started TowApplication in 3.523 seconds (JVM running for 4.268)
16:39:36.069 logback [http-nio-8080-exec-1] INFO  o.a.c.c.C.[Tomcat].[localhost].[/] - Initializing Spring DispatcherServlet 'dispatcherServlet'
16:39:36.069 logback [http-nio-8080-exec-1] INFO  o.s.web.servlet.DispatcherServlet - Initializing Servlet 'dispatcherServlet'
16:39:36.101 logback [http-nio-8080-exec-1] INFO  o.s.web.servlet.DispatcherServlet - Completed initialization in 32 ms
16:39:46.867 logback [http-nio-8080-exec-3] INFO  c.zy.tow.Controller.HelloController - hello,小宝贝
