2020-04-03 15:04:27.609 [main] INFO  com.zy.tow.TowApplication - Starting TowApplication on DESKTOP-FTPQM8L with PID 7836 (F:\mySpringBoot\tow\target\classes started by corleone in F:\mySpringBoot\tow)
2020-04-03 15:04:27.611 [main] INFO  com.zy.tow.TowApplication - The following profiles are active: 8080
2020-04-03 15:04:29.842 [main] INFO  org.springframework.data.repository.config.RepositoryConfigurationDelegate - Multiple Spring Data modules found, entering strict repository configuration mode!
2020-04-03 15:04:29.842 [main] INFO  org.springframework.data.repository.config.RepositoryConfigurationDelegate - Bootstrapping Spring Data JPA repositories in DEFAULT mode.
2020-04-03 15:04:29.885 [main] INFO  org.springframework.data.repository.config.RepositoryConfigurationDelegate - Finished Spring Data repository scanning in 16ms. Found 0 JPA repository interfaces.
2020-04-03 15:04:29.955 [main] INFO  org.springframework.data.repository.config.RepositoryConfigurationDelegate - Multiple Spring Data modules found, entering strict repository configuration mode!
2020-04-03 15:04:29.956 [main] INFO  org.springframework.data.repository.config.RepositoryConfigurationDelegate - Bootstrapping Spring Data MongoDB repositories in DEFAULT mode.
2020-04-03 15:04:29.964 [main] INFO  org.springframework.data.repository.config.RepositoryConfigurationDelegate - Finished Spring Data repository scanning in 7ms. Found 0 MongoDB repository interfaces.
2020-04-03 15:04:29.984 [main] INFO  org.springframework.data.repository.config.RepositoryConfigurationDelegate - Multiple Spring Data modules found, entering strict repository configuration mode!
2020-04-03 15:04:29.985 [main] INFO  org.springframework.data.repository.config.RepositoryConfigurationDelegate - Bootstrapping Spring Data Redis repositories in DEFAULT mode.
2020-04-03 15:04:30.002 [main] INFO  org.springframework.data.repository.config.RepositoryConfigurationDelegate - Finished Spring Data repository scanning in 6ms. Found 0 Redis repository interfaces.
2020-04-03 15:04:31.259 [main] INFO  org.springframework.boot.web.embedded.tomcat.TomcatWebServer - Tomcat initialized with port(s): 8080 (http)
2020-04-03 15:04:31.274 [main] INFO  org.apache.catalina.core.StandardService - Starting service [Tomcat]
2020-04-03 15:04:31.274 [main] INFO  org.apache.catalina.core.StandardEngine - Starting Servlet engine: [Apache Tomcat/9.0.33]
2020-04-03 15:04:36.562 [main] INFO  org.apache.jasper.servlet.TldScanner - At least one JAR was scanned for TLDs yet contained no TLDs. Enable debug logging for this logger for a complete list of JARs that were scanned but no TLDs were found in them. Skipping unneeded JARs during scanning can improve startup time and JSP compilation time.
2020-04-03 15:04:36.565 [main] INFO  org.apache.catalina.core.ContainerBase.[Tomcat].[localhost].[/] - Initializing Spring embedded WebApplicationContext
2020-04-03 15:04:36.565 [main] INFO  org.springframework.web.context.ContextLoader - Root WebApplicationContext: initialization completed in 8853 ms
2020-04-03 15:04:37.044 [main] INFO  com.alibaba.druid.spring.boot.autoconfigure.DruidDataSourceAutoConfigure - Init DruidDataSource
2020-04-03 15:04:37.346 [main] INFO  com.alibaba.druid.pool.DruidDataSource - {dataSource-1} inited
2020-04-03 15:04:37.763 [main] INFO  org.hibernate.Version - HHH000412: Hibernate ORM core version 5.4.12.Final
2020-04-03 15:04:37.964 [main] INFO  org.hibernate.annotations.common.Version - HCANN000001: Hibernate Commons Annotations {5.1.0.Final}
2020-04-03 15:04:38.165 [main] INFO  org.hibernate.dialect.Dialect - HHH000400: Using dialect: org.hibernate.dialect.MySQL57Dialect
2020-04-03 15:04:38.380 [main] INFO  org.hibernate.engine.transaction.jta.platform.internal.JtaPlatformInitiator - HHH000490: Using JtaPlatform implementation: [org.hibernate.engine.transaction.jta.platform.internal.NoJtaPlatform]
2020-04-03 15:04:38.389 [main] INFO  org.springframework.orm.jpa.LocalContainerEntityManagerFactoryBean - Initialized JPA EntityManagerFactory for persistence unit 'default'
2020-04-03 15:04:39.274 [main] INFO  org.springframework.scheduling.concurrent.ThreadPoolTaskExecutor - Initializing ExecutorService 'taskExecutor'
2020-04-03 15:04:39.525 [main] INFO  springfox.documentation.spring.web.PropertySourcedRequestMappingHandlerMapping - Mapped URL path [/v2/api-docs] onto method [springfox.documentation.swagger2.web.Swagger2Controller#getDocumentation(String, HttpServletRequest)]
2020-04-03 15:04:39.708 [main] INFO  org.springframework.boot.autoconfigure.web.servlet.WelcomePageHandlerMapping - Adding welcome page template: index
2020-04-03 15:04:40.278 [main] INFO  org.mongodb.driver.cluster - Cluster created with settings {hosts=[127.0.0.1:27017], mode=MULTIPLE, requiredClusterType=UNKNOWN, serverSelectionTimeout='30000 ms', maxWaitQueueSize=500}
2020-04-03 15:04:40.279 [main] INFO  org.mongodb.driver.cluster - Adding discovered server 127.0.0.1:27017 to client view of cluster
2020-04-03 15:04:40.837 [main] INFO  springfox.documentation.spring.web.plugins.DocumentationPluginsBootstrapper - Context refreshed
2020-04-03 15:04:40.869 [main] INFO  springfox.documentation.spring.web.plugins.DocumentationPluginsBootstrapper - Found 1 custom documentation plugin(s)
2020-04-03 15:04:40.948 [main] INFO  springfox.documentation.spring.web.scanners.ApiListingReferenceScanner - Scanning for api listing references
2020-04-03 15:04:41.223 [main] INFO  org.apache.catalina.core.StandardService - Stopping service [Tomcat]
2020-04-03 15:04:41.260 [main] INFO  org.springframework.scheduling.concurrent.ThreadPoolTaskExecutor - Shutting down ExecutorService 'taskExecutor'
2020-04-03 15:04:41.261 [main] INFO  org.springframework.orm.jpa.LocalContainerEntityManagerFactoryBean - Closing JPA EntityManagerFactory for persistence unit 'default'
2020-04-03 15:04:41.264 [main] INFO  com.alibaba.druid.pool.DruidDataSource - {dataSource-1} closing ...
2020-04-03 15:04:41.279 [main] INFO  com.alibaba.druid.pool.DruidDataSource - {dataSource-1} closed
2020-04-03 15:09:42.811 [main] INFO  com.zy.tow.TowApplication - Starting TowApplication on DESKTOP-FTPQM8L with PID 18940 (F:\mySpringBoot\tow\target\classes started by corleone in F:\mySpringBoot\tow)
2020-04-03 15:09:42.819 [main] INFO  com.zy.tow.TowApplication - The following profiles are active: 8080
2020-04-03 15:09:44.192 [main] INFO  org.springframework.data.repository.config.RepositoryConfigurationDelegate - Multiple Spring Data modules found, entering strict repository configuration mode!
2020-04-03 15:09:44.192 [main] INFO  org.springframework.data.repository.config.RepositoryConfigurationDelegate - Bootstrapping Spring Data JPA repositories in DEFAULT mode.
2020-04-03 15:09:44.209 [main] INFO  org.springframework.data.repository.config.RepositoryConfigurationDelegate - Finished Spring Data repository scanning in 9ms. Found 0 JPA repository interfaces.
2020-04-03 15:09:44.231 [main] INFO  org.springframework.data.repository.config.RepositoryConfigurationDelegate - Multiple Spring Data modules found, entering strict repository configuration mode!
2020-04-03 15:09:44.231 [main] INFO  org.springframework.data.repository.config.RepositoryConfigurationDelegate - Bootstrapping Spring Data MongoDB repositories in DEFAULT mode.
2020-04-03 15:09:44.236 [main] INFO  org.springframework.data.repository.config.RepositoryConfigurationDelegate - Finished Spring Data repository scanning in 4ms. Found 0 MongoDB repository interfaces.
2020-04-03 15:09:44.246 [main] INFO  org.springframework.data.repository.config.RepositoryConfigurationDelegate - Multiple Spring Data modules found, entering strict repository configuration mode!
2020-04-03 15:09:44.247 [main] INFO  org.springframework.data.repository.config.RepositoryConfigurationDelegate - Bootstrapping Spring Data Redis repositories in DEFAULT mode.
2020-04-03 15:09:44.260 [main] INFO  org.springframework.data.repository.config.RepositoryConfigurationDelegate - Finished Spring Data repository scanning in 5ms. Found 0 Redis repository interfaces.
2020-04-03 15:09:44.975 [main] INFO  org.springframework.boot.web.embedded.tomcat.TomcatWebServer - Tomcat initialized with port(s): 8080 (http)
2020-04-03 15:09:44.991 [main] INFO  org.apache.catalina.core.StandardService - Starting service [Tomcat]
2020-04-03 15:09:44.991 [main] INFO  org.apache.catalina.core.StandardEngine - Starting Servlet engine: [Apache Tomcat/9.0.33]
2020-04-03 15:09:49.026 [main] INFO  org.apache.jasper.servlet.TldScanner - At least one JAR was scanned for TLDs yet contained no TLDs. Enable debug logging for this logger for a complete list of JARs that were scanned but no TLDs were found in them. Skipping unneeded JARs during scanning can improve startup time and JSP compilation time.
2020-04-03 15:09:49.029 [main] INFO  org.apache.catalina.core.ContainerBase.[Tomcat].[localhost].[/] - Initializing Spring embedded WebApplicationContext
2020-04-03 15:09:49.029 [main] INFO  org.springframework.web.context.ContextLoader - Root WebApplicationContext: initialization completed in 6095 ms
2020-04-03 15:09:49.369 [main] INFO  com.alibaba.druid.spring.boot.autoconfigure.DruidDataSourceAutoConfigure - Init DruidDataSource
2020-04-03 15:09:49.519 [main] INFO  com.alibaba.druid.pool.DruidDataSource - {dataSource-1} inited
2020-04-03 15:09:49.811 [main] INFO  org.hibernate.Version - HHH000412: Hibernate ORM core version 5.4.12.Final
2020-04-03 15:09:49.920 [main] INFO  org.hibernate.annotations.common.Version - HCANN000001: Hibernate Commons Annotations {5.1.0.Final}
2020-04-03 15:09:50.046 [main] INFO  org.hibernate.dialect.Dialect - HHH000400: Using dialect: org.hibernate.dialect.MySQL57Dialect
2020-04-03 15:09:50.193 [main] INFO  org.hibernate.engine.transaction.jta.platform.internal.JtaPlatformInitiator - HHH000490: Using JtaPlatform implementation: [org.hibernate.engine.transaction.jta.platform.internal.NoJtaPlatform]
2020-04-03 15:09:50.202 [main] INFO  org.springframework.orm.jpa.LocalContainerEntityManagerFactoryBean - Initialized JPA EntityManagerFactory for persistence unit 'default'
2020-04-03 15:09:51.033 [main] INFO  org.springframework.scheduling.concurrent.ThreadPoolTaskExecutor - Initializing ExecutorService 'taskExecutor'
2020-04-03 15:09:51.053 [main] INFO  springfox.documentation.spring.web.PropertySourcedRequestMappingHandlerMapping - Mapped URL path [/v2/api-docs] onto method [springfox.documentation.swagger2.web.Swagger2Controller#getDocumentation(String, HttpServletRequest)]
2020-04-03 15:09:51.205 [main] INFO  org.springframework.boot.autoconfigure.web.servlet.WelcomePageHandlerMapping - Adding welcome page template: index
2020-04-03 15:09:51.464 [main] INFO  org.mongodb.driver.cluster - Cluster created with settings {hosts=[127.0.0.1:27017], mode=MULTIPLE, requiredClusterType=UNKNOWN, serverSelectionTimeout='30000 ms', maxWaitQueueSize=500}
2020-04-03 15:09:51.464 [main] INFO  org.mongodb.driver.cluster - Adding discovered server 127.0.0.1:27017 to client view of cluster
2020-04-03 15:09:51.786 [main] INFO  springfox.documentation.spring.web.plugins.DocumentationPluginsBootstrapper - Context refreshed
2020-04-03 15:09:51.803 [main] INFO  springfox.documentation.spring.web.plugins.DocumentationPluginsBootstrapper - Found 1 custom documentation plugin(s)
2020-04-03 15:09:51.844 [main] INFO  springfox.documentation.spring.web.scanners.ApiListingReferenceScanner - Scanning for api listing references
2020-04-03 15:09:52.085 [main] INFO  org.apache.catalina.core.StandardService - Stopping service [Tomcat]
2020-04-03 15:09:52.109 [main] INFO  org.springframework.scheduling.concurrent.ThreadPoolTaskExecutor - Shutting down ExecutorService 'taskExecutor'
2020-04-03 15:09:52.110 [main] INFO  org.springframework.orm.jpa.LocalContainerEntityManagerFactoryBean - Closing JPA EntityManagerFactory for persistence unit 'default'
2020-04-03 15:09:52.112 [main] INFO  com.alibaba.druid.pool.DruidDataSource - {dataSource-1} closing ...
2020-04-03 15:09:52.118 [main] INFO  com.alibaba.druid.pool.DruidDataSource - {dataSource-1} closed
2020-04-03 15:10:31.161 [main] INFO  com.zy.tow.TowApplication - Starting TowApplication on DESKTOP-FTPQM8L with PID 13124 (F:\mySpringBoot\tow\target\classes started by corleone in F:\mySpringBoot\tow)
2020-04-03 15:10:31.162 [main] INFO  com.zy.tow.TowApplication - The following profiles are active: 8080
2020-04-03 15:10:32.304 [main] INFO  org.springframework.data.repository.config.RepositoryConfigurationDelegate - Multiple Spring Data modules found, entering strict repository configuration mode!
2020-04-03 15:10:32.304 [main] INFO  org.springframework.data.repository.config.RepositoryConfigurationDelegate - Bootstrapping Spring Data JPA repositories in DEFAULT mode.
2020-04-03 15:10:32.320 [main] INFO  org.springframework.data.repository.config.RepositoryConfigurationDelegate - Finished Spring Data repository scanning in 8ms. Found 0 JPA repository interfaces.
2020-04-03 15:10:32.343 [main] INFO  org.springframework.data.repository.config.RepositoryConfigurationDelegate - Multiple Spring Data modules found, entering strict repository configuration mode!
2020-04-03 15:10:32.343 [main] INFO  org.springframework.data.repository.config.RepositoryConfigurationDelegate - Bootstrapping Spring Data MongoDB repositories in DEFAULT mode.
2020-04-03 15:10:32.347 [main] INFO  org.springframework.data.repository.config.RepositoryConfigurationDelegate - Finished Spring Data repository scanning in 4ms. Found 0 MongoDB repository interfaces.
2020-04-03 15:10:32.358 [main] INFO  org.springframework.data.repository.config.RepositoryConfigurationDelegate - Multiple Spring Data modules found, entering strict repository configuration mode!
2020-04-03 15:10:32.359 [main] INFO  org.springframework.data.repository.config.RepositoryConfigurationDelegate - Bootstrapping Spring Data Redis repositories in DEFAULT mode.
2020-04-03 15:10:32.374 [main] INFO  org.springframework.data.repository.config.RepositoryConfigurationDelegate - Finished Spring Data repository scanning in 4ms. Found 0 Redis repository interfaces.
2020-04-03 15:10:33.176 [main] INFO  org.springframework.boot.web.embedded.tomcat.TomcatWebServer - Tomcat initialized with port(s): 8080 (http)
2020-04-03 15:10:33.185 [main] INFO  org.apache.catalina.core.StandardService - Starting service [Tomcat]
2020-04-03 15:10:33.185 [main] INFO  org.apache.catalina.core.StandardEngine - Starting Servlet engine: [Apache Tomcat/9.0.33]
2020-04-03 15:10:37.033 [main] INFO  org.apache.jasper.servlet.TldScanner - At least one JAR was scanned for TLDs yet contained no TLDs. Enable debug logging for this logger for a complete list of JARs that were scanned but no TLDs were found in them. Skipping unneeded JARs during scanning can improve startup time and JSP compilation time.
2020-04-03 15:10:37.037 [main] INFO  org.apache.catalina.core.ContainerBase.[Tomcat].[localhost].[/] - Initializing Spring embedded WebApplicationContext
2020-04-03 15:10:37.037 [main] INFO  org.springframework.web.context.ContextLoader - Root WebApplicationContext: initialization completed in 5822 ms
2020-04-03 15:10:37.403 [main] INFO  com.alibaba.druid.spring.boot.autoconfigure.DruidDataSourceAutoConfigure - Init DruidDataSource
2020-04-03 15:10:37.591 [main] INFO  com.alibaba.druid.pool.DruidDataSource - {dataSource-1} inited
2020-04-03 15:10:37.894 [main] INFO  org.hibernate.Version - HHH000412: Hibernate ORM core version 5.4.12.Final
2020-04-03 15:10:38.083 [main] INFO  org.hibernate.annotations.common.Version - HCANN000001: Hibernate Commons Annotations {5.1.0.Final}
2020-04-03 15:10:38.482 [main] INFO  org.hibernate.dialect.Dialect - HHH000400: Using dialect: org.hibernate.dialect.MySQL57Dialect
2020-04-03 15:10:38.718 [main] INFO  org.hibernate.engine.transaction.jta.platform.internal.JtaPlatformInitiator - HHH000490: Using JtaPlatform implementation: [org.hibernate.engine.transaction.jta.platform.internal.NoJtaPlatform]
2020-04-03 15:10:38.731 [main] INFO  org.springframework.orm.jpa.LocalContainerEntityManagerFactoryBean - Initialized JPA EntityManagerFactory for persistence unit 'default'
2020-04-03 15:10:39.641 [main] INFO  org.springframework.scheduling.concurrent.ThreadPoolTaskExecutor - Initializing ExecutorService 'taskExecutor'
2020-04-03 15:10:39.670 [main] INFO  springfox.documentation.spring.web.PropertySourcedRequestMappingHandlerMapping - Mapped URL path [/v2/api-docs] onto method [springfox.documentation.swagger2.web.Swagger2Controller#getDocumentation(String, HttpServletRequest)]
2020-04-03 15:10:39.833 [main] INFO  org.springframework.boot.autoconfigure.web.servlet.WelcomePageHandlerMapping - Adding welcome page template: index
2020-04-03 15:10:40.122 [main] INFO  org.mongodb.driver.cluster - Cluster created with settings {hosts=[127.0.0.1:27017], mode=MULTIPLE, requiredClusterType=UNKNOWN, serverSelectionTimeout='30000 ms', maxWaitQueueSize=500}
2020-04-03 15:10:40.122 [main] INFO  org.mongodb.driver.cluster - Adding discovered server 127.0.0.1:27017 to client view of cluster
2020-04-03 15:10:40.597 [main] INFO  springfox.documentation.spring.web.plugins.DocumentationPluginsBootstrapper - Context refreshed
2020-04-03 15:10:40.615 [main] INFO  springfox.documentation.spring.web.plugins.DocumentationPluginsBootstrapper - Found 1 custom documentation plugin(s)
2020-04-03 15:10:40.665 [main] INFO  springfox.documentation.spring.web.scanners.ApiListingReferenceScanner - Scanning for api listing references
2020-04-03 15:10:40.922 [main] INFO  org.apache.catalina.core.StandardService - Stopping service [Tomcat]
2020-04-03 15:10:40.953 [main] INFO  org.springframework.scheduling.concurrent.ThreadPoolTaskExecutor - Shutting down ExecutorService 'taskExecutor'
2020-04-03 15:10:40.954 [main] INFO  org.springframework.orm.jpa.LocalContainerEntityManagerFactoryBean - Closing JPA EntityManagerFactory for persistence unit 'default'
2020-04-03 15:10:40.956 [main] INFO  com.alibaba.druid.pool.DruidDataSource - {dataSource-1} closing ...
2020-04-03 15:10:40.964 [main] INFO  com.alibaba.druid.pool.DruidDataSource - {dataSource-1} closed
